Unity Editor version:    2022.3.15f1 (b58023a2b463)
Branch:                  2022.3/staging
Build type:              Release
Batch mode:              YES
macOS version:           Version 12.6 (Build 21G115)
Darwin version:          21.6.0
Architecture:            arm64
Running under Rosetta:   NO
Available memory:        16384 MB
Using pre-set license
Pro License: YES

COMMAND LINE ARGUMENTS:
/Applications/Unity/Hub/Editor/2022.3.15f1/Unity.app/Contents/MacOS/Unity
-adb2
-batchMode
-noUpm
-name
AssetImportWorker2
-projectPath
/Users/yashmalegaonkar/Documents/PBSS
-logFile
Logs/AssetImportWorker2.log
-srvPort
56231
Successfully changed project path to: /Users/yashmalegaonkar/Documents/PBSS
/Users/yashmalegaonkar/Documents/PBSS
[UnityMemory] Configuration Parameters - Can be set up in boot.config
    "memorysetup-bucket-allocator-granularity=16"
    "memorysetup-bucket-allocator-bucket-count=8"
    "memorysetup-bucket-allocator-block-size=33554432"
    "memorysetup-bucket-allocator-block-count=8"
    "memorysetup-main-allocator-block-size=16777216"
    "memorysetup-thread-allocator-block-size=16777216"
    "memorysetup-gfx-main-allocator-block-size=16777216"
    "memorysetup-gfx-thread-allocator-block-size=16777216"
    "memorysetup-cache-allocator-block-size=4194304"
    "memorysetup-typetree-allocator-block-size=2097152"
    "memorysetup-profiler-bucket-allocator-granularity=16"
    "memorysetup-profiler-bucket-allocator-bucket-count=8"
    "memorysetup-profiler-bucket-allocator-block-size=33554432"
    "memorysetup-profiler-bucket-allocator-block-count=8"
    "memorysetup-profiler-allocator-block-size=16777216"
    "memorysetup-profiler-editor-allocator-block-size=1048576"
    "memorysetup-temp-allocator-size-main=16777216"
    "memorysetup-job-temp-allocator-block-size=2097152"
    "memorysetup-job-temp-allocator-block-size-background=1048576"
    "memorysetup-job-temp-allocator-reduction-small-platforms=262144"
    "memorysetup-allocator-temp-initial-block-size-main=262144"
    "memorysetup-allocator-temp-initial-block-size-worker=262144"
    "memorysetup-temp-allocator-size-background-worker=32768"
    "memorysetup-temp-allocator-size-job-worker=262144"
    "memorysetup-temp-allocator-size-preload-manager=33554432"
    "memorysetup-temp-allocator-size-nav-mesh-worker=65536"
    "memorysetup-temp-allocator-size-audio-worker=65536"
    "memorysetup-temp-allocator-size-cloud-worker=32768"
    "memorysetup-temp-allocator-size-gi-baking-worker=262144"
    "memorysetup-temp-allocator-size-gfx=262144"
Player connection [4403119488] Host "[IP] 100.64.79.114 [Port] 0 [Flags] 2 [Guid] 4099496657 [EditorId] 4099496657 [Version] 1048832 [Id] OSXEditor(0,rachelcarlson-100-64-79-114.resnet.ucsc.edu) [Debug] 1 [PackageName] OSXEditor [ProjectName] Editor" joined multi-casting on [225.0.0.222:54997]...

Player connection [4403119488] Host "[IP] 100.64.79.114 [Port] 0 [Flags] 2 [Guid] 4099496657 [EditorId] 4099496657 [Version] 1048832 [Id] OSXEditor(0,rachelcarlson-100-64-79-114.resnet.ucsc.edu) [Debug] 1 [PackageName] OSXEditor [ProjectName] Editor" joined alternative multi-casting on [225.0.0.222:34997]...

[Physics::Module] Initialized MultithreadedJobDispatcher with 7 workers.
Refreshing native plugins compatible for Editor in 9.28 ms, found 2 plugins.
Preloading 0 native plugins for Editor in 0.00 ms.
Initialize engine version: 2022.3.15f1 (b58023a2b463)
[Subsystems] Discovering subsystems at path /Applications/Unity/Hub/Editor/2022.3.15f1/Unity.app/Contents/Resources/UnitySubsystems
[Subsystems] Discovering subsystems at path /Users/yashmalegaonkar/Documents/PBSS/Assets
GfxDevice: creating device client; threaded=0; jobified=0
 preferred device: Apple M1 (high power)
Metal devices available: 1
0: Apple M1 (high power)
Using device Apple M1 (high power)
Initializing Metal device caps: Apple M1
Initialize mono
Mono path[0] = '/Applications/Unity/Hub/Editor/2022.3.15f1/Unity.app/Contents/Managed'
Mono path[1] = '/Applications/Unity/Hub/Editor/2022.3.15f1/Unity.app/Contents/MonoBleedingEdge/lib/mono/unityjit-macos'
Mono config path = '/Applications/Unity/Hub/Editor/2022.3.15f1/Unity.app/Contents/MonoBleedingEdge/etc'
Using monoOptions --debugger-agent=transport=dt_socket,embedding=1,server=y,suspend=n,address=127.0.0.1:56978
Begin MonoManager ReloadAssembly
Registering precompiled unity dll's ...
Register platform support module: /Applications/Unity/Hub/Editor/2022.3.15f1/PlaybackEngines/WebGLSupport/UnityEditor.WebGL.Extensions.dll
Register platform support module: /Applications/Unity/Hub/Editor/2022.3.15f1/Unity.app/Contents/PlaybackEngines/MacStandaloneSupport/UnityEditor.OSXStandalone.Extensions.dll
Registered in 0.004507 seconds.
- Loaded All Assemblies, in  0.366 seconds
Native extension for OSXStandalone target not found
Native extension for WebGL target not found
Mono: successfully reloaded assembly
- Finished resetting the current domain, in  0.181 seconds
Domain Reload Profiling: 547ms
	BeginReloadAssembly (137ms)
		ExecutionOrderSort (0ms)
		DisableScriptedObjects (0ms)
		BackupInstance (0ms)
		ReleaseScriptingObjects (0ms)
		CreateAndSetChildDomain (0ms)
	RebuildCommonClasses (35ms)
	RebuildNativeTypeToScriptingClass (10ms)
	initialDomainReloadingComplete (57ms)
	LoadAllAssembliesAndSetupDomain (127ms)
		LoadAssemblies (138ms)
		RebuildTransferFunctionScriptingTraits (0ms)
		AnalyzeDomain (125ms)
			TypeCache.Refresh (124ms)
				TypeCache.ScanAssembly (108ms)
			ScanForSourceGeneratedMonoScriptInfo (0ms)
			ResolveRequiredComponents (1ms)
	FinalizeReload (181ms)
		ReleaseScriptCaches (0ms)
		RebuildScriptCaches (0ms)
		SetupLoadedEditorAssemblies (140ms)
			LogAssemblyErrors (0ms)
			InitializePlatformSupportModulesInManaged (5ms)
			SetLoadedEditorAssemblies (4ms)
			RefreshPlugins (0ms)
			BeforeProcessingInitializeOnLoad (1ms)
			ProcessInitializeOnLoadAttributes (100ms)
			ProcessInitializeOnLoadMethodAttributes (30ms)
			AfterProcessingInitializeOnLoad (0ms)
			EditorAssembliesLoaded (0ms)
		ExecutionOrderSort2 (0ms)
		AwakeInstancesAfterBackupRestoration (0ms)
========================================================================
Worker process is ready to serve import requests
Begin MonoManager ReloadAssembly
- Loaded All Assemblies, in  0.511 seconds
Refreshing native plugins compatible for Editor in 0.57 ms, found 2 plugins.
Native extension for OSXStandalone target not found
Native extension for WebGL target not found
Package Manager log level set to [2]
[Package Manager] Server::EnsureServerProcessIsRunning -- launch failed, reason: Unity was launched with the -noUpm command-line argument
[Package Manager] UpmClient::Send -- Unable to send message (not connected to UPM process).
[Package Manager] Cannot connect to Unity Package Manager local server
Mono: successfully reloaded assembly
- Finished resetting the current domain, in  0.368 seconds
Domain Reload Profiling: 879ms
	BeginReloadAssembly (101ms)
		ExecutionOrderSort (0ms)
		DisableScriptedObjects (4ms)
		BackupInstance (0ms)
		ReleaseScriptingObjects (0ms)
		CreateAndSetChildDomain (24ms)
	RebuildCommonClasses (28ms)
	RebuildNativeTypeToScriptingClass (9ms)
	initialDomainReloadingComplete (25ms)
	LoadAllAssembliesAndSetupDomain (347ms)
		LoadAssemblies (242ms)
		RebuildTransferFunctionScriptingTraits (0ms)
		AnalyzeDomain (149ms)
			TypeCache.Refresh (138ms)
				TypeCache.ScanAssembly (124ms)
			ScanForSourceGeneratedMonoScriptInfo (8ms)
			ResolveRequiredComponents (3ms)
	FinalizeReload (368ms)
		ReleaseScriptCaches (0ms)
		RebuildScriptCaches (0ms)
		SetupLoadedEditorAssemblies (265ms)
			LogAssemblyErrors (0ms)
			InitializePlatformSupportModulesInManaged (3ms)
			SetLoadedEditorAssemblies (2ms)
			RefreshPlugins (0ms)
			BeforeProcessingInitializeOnLoad (33ms)
			ProcessInitializeOnLoadAttributes (211ms)
			ProcessInitializeOnLoadMethodAttributes (15ms)
			AfterProcessingInitializeOnLoad (0ms)
			EditorAssembliesLoaded (0ms)
		ExecutionOrderSort2 (0ms)
		AwakeInstancesAfterBackupRestoration (3ms)
Launching external process: /Applications/Unity/Hub/Editor/2022.3.15f1/Unity.app/Contents/Tools/UnityShaderCompiler
Launched and connected shader compiler UnityShaderCompiler after 0.25 seconds
Refreshing native plugins compatible for Editor in 0.74 ms, found 2 plugins.
Preloading 0 native plugins for Editor in 0.00 ms.
Unloading 3097 Unused Serialized files (Serialized files now loaded: 0)
Unloading 32 unused Assets / (54.1 KB). Loaded Objects now: 3558.
Memory consumption went from 232.3 MB to 232.3 MB.
Total: 2.309500 ms (FindLiveObjects: 0.132625 ms CreateObjectMapping: 0.045166 ms MarkObjects: 2.058625 ms  DeleteObjects: 0.072500 ms)

AssetImportParameters requested are different than current active one (requested -> active):
  custom:container-demuxer-ogg: 62fdf1f143b41e24485cea50d1cbac27 -> 
  custom:video-decoder-ogg-theora: a1e56fd34408186e4bbccfd4996cb3dc -> 
  custom:CustomObjectIndexerAttribute: 43b350a4d6e6d1791af0b5038c4bea17 -> 
  custom:container-demuxer-webm: 4f35f7cbe854078d1ac9338744f61a02 -> 
  custom:container-muxer-webm: aa71ff27fc2769a1b78a27578f13a17b -> 
  custom:video-decoder-webm-vp8: 9c59270c3fd7afecdb556c50c9e8de78 -> 
  custom:SearchIndexIgnoredProperties: e643bd26f0fe6173181afceb89e7c659 -> 
  custom:AudioImporter_EditorPlatform: 3918e3fc78b5a79bad01e8451be0beb8 -> 
  custom:framework-osx-AVFoundation: e770b220cccbd017edd2c1fefb359320 -> 
  custom:video-encoder-webm-vp8: eb34c28f22e8b96e1ab97ce403110664 -> 
  custom:audio-decoder-ogg-vorbis: bf7c407c2cedff20999df2af8eb42d56 -> 
  custom:audio-encoder-webm-vorbis: bf7c407c2cedff20999df2af8eb42d56 -> 
========================================================================
Received Import Request.
  Time since last request: 2486619.188128 seconds.
  path: Assets/Assets/road_sideExitBarrier.fbx
  artifactKey: Guid(734146be35beb4310a5f488ecc724800) Importer(815301076,1909f56bfc062723c751e8b465ee728b)
Start importing Assets/Assets/road_sideExitBarrier.fbx using Guid(734146be35beb4310a5f488ecc724800) Importer(815301076,1909f56bfc062723c751e8b465ee728b)  -> (artifact id: 'f5e5fa8ad810b80a12b20596b1f193c5') in 0.123387 seconds
Number of updated asset objects reloaded before import = 0
Number of asset objects unloaded after import = 8
========================================================================
Received Import Request.
  Time since last request: 0.000077 seconds.
  path: Assets/Assets/construction_light.fbx
  artifactKey: Guid(d3162b87c0f424b8fb59434204e5584f) Importer(815301076,1909f56bfc062723c751e8b465ee728b)
Start importing Assets/Assets/construction_light.fbx using Guid(d3162b87c0f424b8fb59434204e5584f) Importer(815301076,1909f56bfc062723c751e8b465ee728b)  -> (artifact id: 'd7460f088098d821e7be57ccfa366dd3') in 0.019567 seconds
Number of updated asset objects reloaded before import = 0
Number of asset objects unloaded after import = 11
========================================================================
Received Import Request.
  Time since last request: 0.000039 seconds.
  path: Assets/Assets/tile_slant.fbx
  artifactKey: Guid(e685f52b4378942b9946f5451512ebc8) Importer(815301076,1909f56bfc062723c751e8b465ee728b)
Start importing Assets/Assets/tile_slant.fbx using Guid(e685f52b4378942b9946f5451512ebc8) Importer(815301076,1909f56bfc062723c751e8b465ee728b)  -> (artifact id: '6e0ba99c840bf6c95c2322964ff4864b') in 0.009270 seconds
Number of updated asset objects reloaded before import = 0
Number of asset objects unloaded after import = 8
========================================================================
Received Import Request.
  Time since last request: 0.000337 seconds.
  path: Assets/Assets/road_curveIntersection.fbx
  artifactKey: Guid(723e8131954774d47947cda0ad2cc2d2) Importer(815301076,1909f56bfc062723c751e8b465ee728b)
Start importing Assets/Assets/road_curveIntersection.fbx using Guid(723e8131954774d47947cda0ad2cc2d2) Importer(815301076,1909f56bfc062723c751e8b465ee728b)  -> (artifact id: '7f0295d1a1a0bbfd7d239b0a1884d81d') in 0.025160 seconds
Number of updated asset objects reloaded before import = 0
Number of asset objects unloaded after import = 12
========================================================================
Received Import Request.
  Time since last request: 0.000150 seconds.
  path: Assets/Assets/road_bendSquare.fbx
  artifactKey: Guid(ab78bcd1ae1f84f48aef4cdd49dc4d9d) Importer(815301076,1909f56bfc062723c751e8b465ee728b)
Start importing Assets/Assets/road_bendSquare.fbx using Guid(ab78bcd1ae1f84f48aef4cdd49dc4d9d) Importer(815301076,1909f56bfc062723c751e8b465ee728b)  -> (artifact id: 'a06fdd43a2f54d55bb7f2a3e7c6a34dd') in 0.016794 seconds
Number of updated asset objects reloaded before import = 0
Number of asset objects unloaded after import = 11
========================================================================
Received Import Request.
  Time since last request: 0.000068 seconds.
  path: Assets/Assets/road_splitBarrier.fbx
  artifactKey: Guid(5fc810a5fc7884b00838582b3c9ea0f7) Importer(815301076,1909f56bfc062723c751e8b465ee728b)
Start importing Assets/Assets/road_splitBarrier.fbx using Guid(5fc810a5fc7884b00838582b3c9ea0f7) Importer(815301076,1909f56bfc062723c751e8b465ee728b)  -> (artifact id: 'fbb16a9507548d581fa9ef45b050ba18') in 0.009530 seconds
Number of updated asset objects reloaded before import = 0
Number of asset objects unloaded after import = 8
========================================================================
Received Import Request.
  Time since last request: 0.000109 seconds.
  path: Assets/Assets/road_sideEntry.fbx
  artifactKey: Guid(c375eea8c414e48cd9e755bfd42f3bd7) Importer(815301076,1909f56bfc062723c751e8b465ee728b)
Start importing Assets/Assets/road_sideEntry.fbx using Guid(c375eea8c414e48cd9e755bfd42f3bd7) Importer(815301076,1909f56bfc062723c751e8b465ee728b)  -> (artifact id: 'af1dff01c4e916544a856912c2e2a759') in 0.026404 seconds
Number of updated asset objects reloaded before import = 0
Number of asset objects unloaded after import = 11
========================================================================
Received Import Request.
  Time since last request: 0.000137 seconds.
  path: Assets/Assets/light_square.fbx
  artifactKey: Guid(b80aaded0ff7146db823c036ccb58089) Importer(815301076,1909f56bfc062723c751e8b465ee728b)
Start importing Assets/Assets/light_square.fbx using Guid(b80aaded0ff7146db823c036ccb58089) Importer(815301076,1909f56bfc062723c751e8b465ee728b)  -> (artifact id: 'b7663e52a8e12500ce86f5631de3df91') in 0.014515 seconds
Number of updated asset objects reloaded before import = 0
Number of asset objects unloaded after import = 9
========================================================================
Received Import Request.
  Time since last request: 0.000081 seconds.
  path: Assets/Assets/road_endRound.fbx
  artifactKey: Guid(a57129a1e8f544f3a8fc6a36910fdb1b) Importer(815301076,1909f56bfc062723c751e8b465ee728b)
Start importing Assets/Assets/road_endRound.fbx using Guid(a57129a1e8f544f3a8fc6a36910fdb1b) Importer(815301076,1909f56bfc062723c751e8b465ee728b)  -> (artifact id: 'bcd6e5fd155d6efcef962543aaaf0e50') in 0.017878 seconds
Number of updated asset objects reloaded before import = 0
Number of asset objects unloaded after import = 11
========================================================================
Received Import Request.
  Time since last request: 0.000205 seconds.
  path: Assets/Assets/road_roundabout.fbx
  artifactKey: Guid(2b490df05ce3f447c96b06554caf3c19) Importer(815301076,1909f56bfc062723c751e8b465ee728b)
Start importing Assets/Assets/road_roundabout.fbx using Guid(2b490df05ce3f447c96b06554caf3c19) Importer(815301076,1909f56bfc062723c751e8b465ee728b)  -> (artifact id: '9df18054e94d88e1f23c05b0872a4a66') in 0.017953 seconds
Number of updated asset objects reloaded before import = 0
Number of asset objects unloaded after import = 11
========================================================================
Received Import Request.
  Time since last request: 0.000072 seconds.
  path: Assets/Assets/road_bendSidewalk.fbx
  artifactKey: Guid(1e61bf248733c4d47af9c12bd4760ce5) Importer(815301076,1909f56bfc062723c751e8b465ee728b)
Start importing Assets/Assets/road_bendSidewalk.fbx using Guid(1e61bf248733c4d47af9c12bd4760ce5) Importer(815301076,1909f56bfc062723c751e8b465ee728b)  -> (artifact id: 'f786d5aaccf5783aa8716257dffc9cb9') in 0.018534 seconds
Number of updated asset objects reloaded before import = 0
Number of asset objects unloaded after import = 11
========================================================================
Received Import Request.
  Time since last request: 0.000189 seconds.
  path: Assets/Assets/road_endRoundBarrier.fbx
  artifactKey: Guid(511adc3edcf6d4f59a3dc3c1a22a54af) Importer(815301076,1909f56bfc062723c751e8b465ee728b)
Start importing Assets/Assets/road_endRoundBarrier.fbx using Guid(511adc3edcf6d4f59a3dc3c1a22a54af) Importer(815301076,1909f56bfc062723c751e8b465ee728b)  -> (artifact id: '6a4b8f08a045de07b909a07824f75eb0') in 0.010403 seconds
Number of updated asset objects reloaded before import = 0
Number of asset objects unloaded after import = 8
========================================================================
Received Import Request.
  Time since last request: 0.000164 seconds.
  path: Assets/Assets/road_slantHighBarrier.fbx
  artifactKey: Guid(266ff0fb4f4d640a3b4ee36fd72ce1e9) Importer(815301076,1909f56bfc062723c751e8b465ee728b)
Start importing Assets/Assets/road_slantHighBarrier.fbx using Guid(266ff0fb4f4d640a3b4ee36fd72ce1e9) Importer(815301076,1909f56bfc062723c751e8b465ee728b)  -> (artifact id: '40034c7bd048eb045c6d337619b04292') in 0.010273 seconds
Number of updated asset objects reloaded before import = 0
Number of asset objects unloaded after import = 8
========================================================================
Received Import Request.
  Time since last request: 0.000147 seconds.
  path: Assets/Assets/road_endBarrier.fbx
  artifactKey: Guid(641ea6cd91d8741adbbcb16f60b7cd62) Importer(815301076,1909f56bfc062723c751e8b465ee728b)
Start importing Assets/Assets/road_endBarrier.fbx using Guid(641ea6cd91d8741adbbcb16f60b7cd62) Importer(815301076,1909f56bfc062723c751e8b465ee728b)  -> (artifact id: '2000404fbd98bac06ba40214f9a2a8db') in 0.011605 seconds
Number of updated asset objects reloaded before import = 0
Number of asset objects unloaded after import = 8
========================================================================
Received Import Request.
  Time since last request: 0.000068 seconds.
  path: Assets/Assets/light_squareCross.fbx
  artifactKey: Guid(2685551d20ac44a2eb87dde3b626c59e) Importer(815301076,1909f56bfc062723c751e8b465ee728b)
Start importing Assets/Assets/light_squareCross.fbx using Guid(2685551d20ac44a2eb87dde3b626c59e) Importer(815301076,1909f56bfc062723c751e8b465ee728b)  -> (artifact id: '4aaa779893193ca1b3e7a315efc2449d') in 0.013281 seconds
Number of updated asset objects reloaded before import = 0
Number of asset objects unloaded after import = 9
========================================================================
Received Import Request.
  Time since last request: 0.000057 seconds.
  path: Assets/Assets/road_crossroadPath.fbx
  artifactKey: Guid(e24606d2690c64cb7a06f2284c0fb44e) Importer(815301076,1909f56bfc062723c751e8b465ee728b)
Start importing Assets/Assets/road_crossroadPath.fbx using Guid(e24606d2690c64cb7a06f2284c0fb44e) Importer(815301076,1909f56bfc062723c751e8b465ee728b)  -> (artifact id: '21f6bc40b11d7cd03706969874ee19a7') in 0.023124 seconds
Number of updated asset objects reloaded before import = 0
Number of asset objects unloaded after import = 11
========================================================================
Received Import Request.
  Time since last request: 0.000600 seconds.
  path: Assets/Assets/tile_high.fbx
  artifactKey: Guid(d4190882e8a8a4ce19ecfea96d8fcc93) Importer(815301076,1909f56bfc062723c751e8b465ee728b)
Start importing Assets/Assets/tile_high.fbx using Guid(d4190882e8a8a4ce19ecfea96d8fcc93) Importer(815301076,1909f56bfc062723c751e8b465ee728b)  -> (artifact id: '47395d401f6487b4ffbb7e5b73ba015e') in 0.010338 seconds
Number of updated asset objects reloaded before import = 0
Number of asset objects unloaded after import = 8
========================================================================
Received Import Request.
  Time since last request: 0.000288 seconds.
  path: Assets/Assets/road_straight.fbx
  artifactKey: Guid(cce98ffb4795b4838aa48494c0aec910) Importer(815301076,1909f56bfc062723c751e8b465ee728b)
Start importing Assets/Assets/road_straight.fbx using Guid(cce98ffb4795b4838aa48494c0aec910) Importer(815301076,1909f56bfc062723c751e8b465ee728b)  -> (artifact id: '055210bd033a51a27517237a91566957') in 0.020028 seconds
Number of updated asset objects reloaded before import = 0
Number of asset objects unloaded after import = 11
========================================================================
Received Import Request.
  Time since last request: 0.000284 seconds.
  path: Assets/Assets/light_squareDouble.fbx
  artifactKey: Guid(c9109fe3ffbe542b6a66ff6dd17cbee8) Importer(815301076,1909f56bfc062723c751e8b465ee728b)
Start importing Assets/Assets/light_squareDouble.fbx using Guid(c9109fe3ffbe542b6a66ff6dd17cbee8) Importer(815301076,1909f56bfc062723c751e8b465ee728b)  -> (artifact id: 'ed06586ac40b572aa66d7ca5abe50c82') in 0.013430 seconds
Number of updated asset objects reloaded before import = 0
Number of asset objects unloaded after import = 9
========================================================================
Received Import Request.
  Time since last request: 57.922495 seconds.
  path: Assets/Assets/CityRoads
  artifactKey: Guid(f39767370c34d4ca3a2b0748560fb5da) Importer(815301076,1909f56bfc062723c751e8b465ee728b)
Start importing Assets/Assets/CityRoads using Guid(f39767370c34d4ca3a2b0748560fb5da) Importer(815301076,1909f56bfc062723c751e8b465ee728b)  -> (artifact id: 'f084dd98c38d37951f27ec0b35f1c3ff') in 0.004098 seconds
Number of updated asset objects reloaded before import = 0
Number of asset objects unloaded after import = 0
========================================================================
Received Prepare
Begin MonoManager ReloadAssembly
Thread 0x17ef5b000 may have been prematurely finalized
- Loaded All Assemblies, in  0.451 seconds
Refreshing native plugins compatible for Editor in 0.79 ms, found 2 plugins.
Native extension for OSXStandalone target not found
Native extension for WebGL target not found
[Package Manager] Server::EnsureServerProcessIsRunning -- launch failed, reason: Unity was launched with the -noUpm command-line argument
[Package Manager] UpmClient::Send -- Unable to send message (not connected to UPM process).
[Package Manager] Cannot connect to Unity Package Manager local server
Mono: successfully reloaded assembly
- Finished resetting the current domain, in  0.807 seconds
Domain Reload Profiling: 1258ms
	BeginReloadAssembly (152ms)
		ExecutionOrderSort (0ms)
		DisableScriptedObjects (6ms)
		BackupInstance (0ms)
		ReleaseScriptingObjects (0ms)
		CreateAndSetChildDomain (59ms)
	RebuildCommonClasses (41ms)
	RebuildNativeTypeToScriptingClass (10ms)
	initialDomainReloadingComplete (27ms)
	LoadAllAssembliesAndSetupDomain (221ms)
		LoadAssemblies (241ms)
		RebuildTransferFunctionScriptingTraits (0ms)
		AnalyzeDomain (33ms)
			TypeCache.Refresh (20ms)
				TypeCache.ScanAssembly (0ms)
			ScanForSourceGeneratedMonoScriptInfo (0ms)
			ResolveRequiredComponents (13ms)
	FinalizeReload (807ms)
		ReleaseScriptCaches (0ms)
		RebuildScriptCaches (0ms)
		SetupLoadedEditorAssemblies (229ms)
			LogAssemblyErrors (0ms)
			InitializePlatformSupportModulesInManaged (4ms)
			SetLoadedEditorAssemblies (3ms)
			RefreshPlugins (0ms)
			BeforeProcessingInitializeOnLoad (32ms)
			ProcessInitializeOnLoadAttributes (175ms)
			ProcessInitializeOnLoadMethodAttributes (12ms)
			AfterProcessingInitializeOnLoad (1ms)
			EditorAssembliesLoaded (2ms)
		ExecutionOrderSort2 (0ms)
		AwakeInstancesAfterBackupRestoration (3ms)
Refreshing native plugins compatible for Editor in 0.73 ms, found 2 plugins.
Preloading 0 native plugins for Editor in 0.00 ms.
Unloading 3089 Unused Serialized files (Serialized files now loaded: 0)
Unloading 23 unused Assets / (31.0 KB). Loaded Objects now: 3605.
Memory consumption went from 237.1 MB to 237.1 MB.
Total: 3.833083 ms (FindLiveObjects: 0.119042 ms CreateObjectMapping: 0.041166 ms MarkObjects: 3.369250 ms  DeleteObjects: 0.302791 ms)

Prepare: number of updated asset objects reloaded= 0
AssetImportParameters requested are different than current active one (requested -> active):
  custom:container-demuxer-ogg: 62fdf1f143b41e24485cea50d1cbac27 -> 
  custom:video-decoder-ogg-theora: a1e56fd34408186e4bbccfd4996cb3dc -> 
  custom:CustomObjectIndexerAttribute: 43b350a4d6e6d1791af0b5038c4bea17 -> 
  custom:container-demuxer-webm: 4f35f7cbe854078d1ac9338744f61a02 -> 
  custom:container-muxer-webm: aa71ff27fc2769a1b78a27578f13a17b -> 
  custom:video-decoder-webm-vp8: 9c59270c3fd7afecdb556c50c9e8de78 -> 
  custom:SearchIndexIgnoredProperties: e643bd26f0fe6173181afceb89e7c659 -> 
  custom:AudioImporter_EditorPlatform: 3918e3fc78b5a79bad01e8451be0beb8 -> 
  custom:framework-osx-AVFoundation: e770b220cccbd017edd2c1fefb359320 -> 
  custom:video-encoder-webm-vp8: eb34c28f22e8b96e1ab97ce403110664 -> 
  custom:audio-decoder-ogg-vorbis: bf7c407c2cedff20999df2af8eb42d56 -> 
  custom:audio-encoder-webm-vorbis: bf7c407c2cedff20999df2af8eb42d56 -> 
========================================================================
Received Prepare
Begin MonoManager ReloadAssembly
Thread 0x17ef5b000 may have been prematurely finalized
- Loaded All Assemblies, in  0.339 seconds
Refreshing native plugins compatible for Editor in 0.76 ms, found 2 plugins.
Native extension for OSXStandalone target not found
Native extension for WebGL target not found
[Package Manager] Server::EnsureServerProcessIsRunning -- launch failed, reason: Unity was launched with the -noUpm command-line argument
[Package Manager] UpmClient::Send -- Unable to send message (not connected to UPM process).
[Package Manager] Cannot connect to Unity Package Manager local server
Mono: successfully reloaded assembly
- Finished resetting the current domain, in  0.696 seconds
Domain Reload Profiling: 1036ms
	BeginReloadAssembly (110ms)
		ExecutionOrderSort (0ms)
		DisableScriptedObjects (4ms)
		BackupInstance (0ms)
		ReleaseScriptingObjects (0ms)
		CreateAndSetChildDomain (45ms)
	RebuildCommonClasses (27ms)
	RebuildNativeTypeToScriptingClass (9ms)
	initialDomainReloadingComplete (15ms)
	LoadAllAssembliesAndSetupDomain (178ms)
		LoadAssemblies (201ms)
		RebuildTransferFunctionScriptingTraits (0ms)
		AnalyzeDomain (12ms)
			TypeCache.Refresh (7ms)
				TypeCache.ScanAssembly (0ms)
			ScanForSourceGeneratedMonoScriptInfo (0ms)
			ResolveRequiredComponents (4ms)
	FinalizeReload (696ms)
		ReleaseScriptCaches (0ms)
		RebuildScriptCaches (0ms)
		SetupLoadedEditorAssemblies (241ms)
			LogAssemblyErrors (0ms)
			InitializePlatformSupportModulesInManaged (4ms)
			SetLoadedEditorAssemblies (2ms)
			RefreshPlugins (0ms)
			BeforeProcessingInitializeOnLoad (34ms)
			ProcessInitializeOnLoadAttributes (187ms)
			ProcessInitializeOnLoadMethodAttributes (13ms)
			AfterProcessingInitializeOnLoad (1ms)
			EditorAssembliesLoaded (0ms)
		ExecutionOrderSort2 (0ms)
		AwakeInstancesAfterBackupRestoration (3ms)
Refreshing native plugins compatible for Editor in 0.85 ms, found 2 plugins.
Preloading 0 native plugins for Editor in 0.00 ms.
Unloading 3090 Unused Serialized files (Serialized files now loaded: 0)
Unloading 23 unused Assets / (31.1 KB). Loaded Objects now: 3608.
Memory consumption went from 239.6 MB to 239.5 MB.
Total: 9.608208 ms (FindLiveObjects: 0.146000 ms CreateObjectMapping: 0.042750 ms MarkObjects: 9.090916 ms  DeleteObjects: 0.327542 ms)

Prepare: number of updated asset objects reloaded= 0
AssetImportParameters requested are different than current active one (requested -> active):
  custom:container-demuxer-ogg: 62fdf1f143b41e24485cea50d1cbac27 -> 
  custom:video-decoder-ogg-theora: a1e56fd34408186e4bbccfd4996cb3dc -> 
  custom:CustomObjectIndexerAttribute: 43b350a4d6e6d1791af0b5038c4bea17 -> 
  custom:container-demuxer-webm: 4f35f7cbe854078d1ac9338744f61a02 -> 
  custom:container-muxer-webm: aa71ff27fc2769a1b78a27578f13a17b -> 
  custom:video-decoder-webm-vp8: 9c59270c3fd7afecdb556c50c9e8de78 -> 
  custom:SearchIndexIgnoredProperties: e643bd26f0fe6173181afceb89e7c659 -> 
  custom:AudioImporter_EditorPlatform: 3918e3fc78b5a79bad01e8451be0beb8 -> 
  custom:framework-osx-AVFoundation: e770b220cccbd017edd2c1fefb359320 -> 
  custom:video-encoder-webm-vp8: eb34c28f22e8b96e1ab97ce403110664 -> 
  custom:audio-decoder-ogg-vorbis: bf7c407c2cedff20999df2af8eb42d56 -> 
  custom:audio-encoder-webm-vorbis: bf7c407c2cedff20999df2af8eb42d56 -> 
========================================================================
Received Prepare
Begin MonoManager ReloadAssembly
Thread 0x17ef5b000 may have been prematurely finalized
- Loaded All Assemblies, in  0.301 seconds
Refreshing native plugins compatible for Editor in 0.81 ms, found 2 plugins.
Native extension for OSXStandalone target not found
Native extension for WebGL target not found
[Package Manager] Server::EnsureServerProcessIsRunning -- launch failed, reason: Unity was launched with the -noUpm command-line argument
[Package Manager] UpmClient::Send -- Unable to send message (not connected to UPM process).
[Package Manager] Cannot connect to Unity Package Manager local server
Mono: successfully reloaded assembly
- Finished resetting the current domain, in  0.672 seconds
Domain Reload Profiling: 974ms
	BeginReloadAssembly (111ms)
		ExecutionOrderSort (0ms)
		DisableScriptedObjects (4ms)
		BackupInstance (0ms)
		ReleaseScriptingObjects (0ms)
		CreateAndSetChildDomain (45ms)
	RebuildCommonClasses (27ms)
	RebuildNativeTypeToScriptingClass (9ms)
	initialDomainReloadingComplete (15ms)
	LoadAllAssembliesAndSetupDomain (140ms)
		LoadAssemblies (166ms)
		RebuildTransferFunctionScriptingTraits (0ms)
		AnalyzeDomain (11ms)
			TypeCache.Refresh (6ms)
				TypeCache.ScanAssembly (0ms)
			ScanForSourceGeneratedMonoScriptInfo (0ms)
			ResolveRequiredComponents (4ms)
	FinalizeReload (673ms)
		ReleaseScriptCaches (0ms)
		RebuildScriptCaches (0ms)
		SetupLoadedEditorAssemblies (252ms)
			LogAssemblyErrors (0ms)
			InitializePlatformSupportModulesInManaged (3ms)
			SetLoadedEditorAssemblies (2ms)
			RefreshPlugins (0ms)
			BeforeProcessingInitializeOnLoad (33ms)
			ProcessInitializeOnLoadAttributes (197ms)
			ProcessInitializeOnLoadMethodAttributes (15ms)
			AfterProcessingInitializeOnLoad (1ms)
			EditorAssembliesLoaded (0ms)
		ExecutionOrderSort2 (0ms)
		AwakeInstancesAfterBackupRestoration (3ms)
Refreshing native plugins compatible for Editor in 0.78 ms, found 2 plugins.
Preloading 0 native plugins for Editor in 0.00 ms.
Unloading 3090 Unused Serialized files (Serialized files now loaded: 0)
Unloading 23 unused Assets / (31.1 KB). Loaded Objects now: 3611.
Memory consumption went from 241.6 MB to 241.6 MB.
Total: 2.382833 ms (FindLiveObjects: 0.123542 ms CreateObjectMapping: 0.040541 ms MarkObjects: 2.171584 ms  DeleteObjects: 0.046750 ms)

Prepare: number of updated asset objects reloaded= 0
AssetImportParameters requested are different than current active one (requested -> active):
  custom:container-demuxer-ogg: 62fdf1f143b41e24485cea50d1cbac27 -> 
  custom:video-decoder-ogg-theora: a1e56fd34408186e4bbccfd4996cb3dc -> 
  custom:CustomObjectIndexerAttribute: 43b350a4d6e6d1791af0b5038c4bea17 -> 
  custom:container-demuxer-webm: 4f35f7cbe854078d1ac9338744f61a02 -> 
  custom:container-muxer-webm: aa71ff27fc2769a1b78a27578f13a17b -> 
  custom:video-decoder-webm-vp8: 9c59270c3fd7afecdb556c50c9e8de78 -> 
  custom:SearchIndexIgnoredProperties: e643bd26f0fe6173181afceb89e7c659 -> 
  custom:AudioImporter_EditorPlatform: 3918e3fc78b5a79bad01e8451be0beb8 -> 
  custom:framework-osx-AVFoundation: e770b220cccbd017edd2c1fefb359320 -> 
  custom:video-encoder-webm-vp8: eb34c28f22e8b96e1ab97ce403110664 -> 
  custom:audio-decoder-ogg-vorbis: bf7c407c2cedff20999df2af8eb42d56 -> 
  custom:audio-encoder-webm-vorbis: bf7c407c2cedff20999df2af8eb42d56 -> 
